<?xml version="1.0" encoding="UTF-8"?>
<testsuite xmlns:xsi="http://www.w3.org/2001/XMLSchema-instance" xsi:noNamespaceSchemaLocation="https://maven.apache.org/surefire/maven-surefire-plugin/xsd/surefire-test-report.xsd" name="com.boly.GestionCodification2ApplicationTests" time="8.752" tests="1" errors="0" skipped="0" failures="0">
  <properties>
    <property name="gopherProxySet" value="false"/>
    <property name="awt.toolkit" value="sun.lwawt.macosx.LWCToolkit"/>
    <property name="file.encoding.pkg" value="sun.io"/>
    <property name="java.specification.version" value="1.8"/>
    <property name="sun.cpu.isalist" value=""/>
    <property name="sun.jnu.encoding" value="UTF-8"/>
    <property name="java.class.path" value="/Users/macbookretina/Documents/workspace-sts-3.9.1.RELEASE/hmTaillorApi/target/test-classes:/Users/macbookretina/Documents/workspace-sts-3.9.1.RELEASE/hmTaillorApi/target/classes:/Users/macbookretina/.m2/repository/org/springframework/boot/spring-boot-starter-data-jpa/2.0.0.M7/spring-boot-starter-data-jpa-2.0.0.M7.jar:/Users/macbookretina/.m2/repository/org/springframework/boot/spring-boot-starter/2.0.0.M7/spring-boot-starter-2.0.0.M7.jar:/Users/macbookretina/.m2/repository/org/springframework/boot/spring-boot-starter-logging/2.0.0.M7/spring-boot-starter-logging-2.0.0.M7.jar:/Users/macbookretina/.m2/repository/ch/qos/logback/logback-classic/1.2.3/logback-classic-1.2.3.jar:/Users/macbookretina/.m2/repository/ch/qos/logback/logback-core/1.2.3/logback-core-1.2.3.jar:/Users/macbookretina/.m2/repository/org/apache/logging/log4j/log4j-to-slf4j/2.10.0/log4j-to-slf4j-2.10.0.jar:/Users/macbookretina/.m2/repository/org/apache/logging/log4j/log4j-api/2.10.0/log4j-api-2.10.0.jar:/Users/macbookretina/.m2/repository/org/slf4j/jul-to-slf4j/1.7.25/jul-to-slf4j-1.7.25.jar:/Users/macbookretina/.m2/repository/javax/annotation/javax.annotation-api/1.3.1/javax.annotation-api-1.3.1.jar:/Users/macbookretina/.m2/repository/org/yaml/snakeyaml/1.19/snakeyaml-1.19.jar:/Users/macbookretina/.m2/repository/org/springframework/boot/spring-boot-starter-aop/2.0.0.M7/spring-boot-starter-aop-2.0.0.M7.jar:/Users/macbookretina/.m2/repository/org/springframework/spring-aop/5.0.2.RELEASE/spring-aop-5.0.2.RELEASE.jar:/Users/macbookretina/.m2/repository/org/aspectj/aspectjweaver/1.8.13/aspectjweaver-1.8.13.jar:/Users/macbookretina/.m2/repository/org/springframework/boot/spring-boot-starter-jdbc/2.0.0.M7/spring-boot-starter-jdbc-2.0.0.M7.jar:/Users/macbookretina/.m2/repository/com/zaxxer/HikariCP/2.7.4/HikariCP-2.7.4.jar:/Users/macbookretina/.m2/repository/org/springframework/spring-jdbc/5.0.2.RELEASE/spring-jdbc-5.0.2.RELEASE.jar:/Users/macbookretina/.m2/repository/org/hibernate/hibernate-core/5.2.12.Final/hibernate-core-5.2.12.Final.jar:/Users/macbookretina/.m2/repository/org/jboss/logging/jboss-logging/3.3.1.Final/jboss-logging-3.3.1.Final.jar:/Users/macbookretina/.m2/repository/org/hibernate/javax/persistence/hibernate-jpa-2.1-api/1.0.0.Final/hibernate-jpa-2.1-api-1.0.0.Final.jar:/Users/macbookretina/.m2/repository/org/javassist/javassist/3.22.0-CR2/javassist-3.22.0-CR2.jar:/Users/macbookretina/.m2/repository/antlr/antlr/2.7.7/antlr-2.7.7.jar:/Users/macbookretina/.m2/repository/org/jboss/jandex/2.0.3.Final/jandex-2.0.3.Final.jar:/Users/macbookretina/.m2/repository/com/fasterxml/classmate/1.3.4/classmate-1.3.4.jar:/Users/macbookretina/.m2/repository/dom4j/dom4j/1.6.1/dom4j-1.6.1.jar:/Users/macbookretina/.m2/repository/org/hibernate/common/hibernate-commons-annotations/5.0.1.Final/hibernate-commons-annotations-5.0.1.Final.jar:/Users/macbookretina/.m2/repository/javax/transaction/javax.transaction-api/1.2/javax.transaction-api-1.2.jar:/Users/macbookretina/.m2/repository/org/springframework/data/spring-data-jpa/2.0.2.RELEASE/spring-data-jpa-2.0.2.RELEASE.jar:/Users/macbookretina/.m2/repository/org/springframework/data/spring-data-commons/2.0.2.RELEASE/spring-data-commons-2.0.2.RELEASE.jar:/Users/macbookretina/.m2/repository/org/springframework/spring-orm/5.0.2.RELEASE/spring-orm-5.0.2.RELEASE.jar:/Users/macbookretina/.m2/repository/org/springframework/spring-tx/5.0.2.RELEASE/spring-tx-5.0.2.RELEASE.jar:/Users/macbookretina/.m2/repository/org/slf4j/slf4j-api/1.7.25/slf4j-api-1.7.25.jar:/Users/macbookretina/.m2/repository/org/springframework/spring-aspects/5.0.2.RELEASE/spring-aspects-5.0.2.RELEASE.jar:/Users/macbookretina/.m2/repository/org/springframework/boot/spring-boot-starter-web/2.0.0.M7/spring-boot-starter-web-2.0.0.M7.jar:/Users/macbookretina/.m2/repository/org/springframework/boot/spring-boot-starter-json/2.0.0.M7/spring-boot-starter-json-2.0.0.M7.jar:/Users/macbookretina/.m2/repository/com/fasterxml/jackson/core/jackson-databind/2.9.2/jackson-databind-2.9.2.jar:/Users/macbookretina/.m2/repository/com/fasterxml/jackson/core/jackson-annotations/2.9.0/jackson-annotations-2.9.0.jar:/Users/macbookretina/.m2/repository/com/fasterxml/jackson/core/jackson-core/2.9.2/jackson-core-2.9.2.jar:/Users/macbookretina/.m2/repository/com/fasterxml/jackson/datatype/jackson-datatype-jdk8/2.9.2/jackson-datatype-jdk8-2.9.2.jar:/Users/macbookretina/.m2/repository/com/fasterxml/jackson/datatype/jackson-datatype-jsr310/2.9.2/jackson-datatype-jsr310-2.9.2.jar:/Users/macbookretina/.m2/repository/com/fasterxml/jackson/module/jackson-module-parameter-names/2.9.2/jackson-module-parameter-names-2.9.2.jar:/Users/macbookretina/.m2/repository/org/springframework/boot/spring-boot-starter-tomcat/2.0.0.M7/spring-boot-starter-tomcat-2.0.0.M7.jar:/Users/macbookretina/.m2/repository/org/apache/tomcat/embed/tomcat-embed-core/8.5.23/tomcat-embed-core-8.5.23.jar:/Users/macbookretina/.m2/repository/org/apache/tomcat/tomcat-annotations-api/8.5.23/tomcat-annotations-api-8.5.23.jar:/Users/macbookretina/.m2/repository/org/apache/tomcat/embed/tomcat-embed-el/8.5.23/tomcat-embed-el-8.5.23.jar:/Users/macbookretina/.m2/repository/org/apache/tomcat/embed/tomcat-embed-websocket/8.5.23/tomcat-embed-websocket-8.5.23.jar:/Users/macbookretina/.m2/repository/org/hibernate/validator/hibernate-validator/6.0.5.Final/hibernate-validator-6.0.5.Final.jar:/Users/macbookretina/.m2/repository/javax/validation/validation-api/2.0.0.Final/validation-api-2.0.0.Final.jar:/Users/macbookretina/.m2/repository/org/springframework/spring-web/5.0.2.RELEASE/spring-web-5.0.2.RELEASE.jar:/Users/macbookretina/.m2/repository/org/springframework/spring-webmvc/5.0.2.RELEASE/spring-webmvc-5.0.2.RELEASE.jar:/Users/macbookretina/.m2/repository/org/springframework/spring-expression/5.0.2.RELEASE/spring-expression-5.0.2.RELEASE.jar:/Users/macbookretina/.m2/repository/org/springframework/boot/spring-boot-devtools/2.0.0.M7/spring-boot-devtools-2.0.0.M7.jar:/Users/macbookretina/.m2/repository/org/springframework/boot/spring-boot/2.0.0.M7/spring-boot-2.0.0.M7.jar:/Users/macbookretina/.m2/repository/org/springframework/boot/spring-boot-autoconfigure/2.0.0.M7/spring-boot-autoconfigure-2.0.0.M7.jar:/Users/macbookretina/.m2/repository/org/springframework/boot/spring-boot-starter-mail/2.0.0.M7/spring-boot-starter-mail-2.0.0.M7.jar:/Users/macbookretina/.m2/repository/org/springframework/spring-context/5.0.2.RELEASE/spring-context-5.0.2.RELEASE.jar:/Users/macbookretina/.m2/repository/com/sun/mail/javax.mail/1.6.0/javax.mail-1.6.0.jar:/Users/macbookretina/.m2/repository/javax/activation/activation/1.1/activation-1.1.jar:/Users/macbookretina/.m2/repository/mysql/mysql-connector-java/5.1.44/mysql-connector-java-5.1.44.jar:/Users/macbookretina/.m2/repository/org/springframework/boot/spring-boot-starter-test/2.0.0.M7/spring-boot-starter-test-2.0.0.M7.jar:/Users/macbookretina/.m2/repository/org/springframework/boot/spring-boot-test/2.0.0.M7/spring-boot-test-2.0.0.M7.jar:/Users/macbookretina/.m2/repository/org/springframework/boot/spring-boot-test-autoconfigure/2.0.0.M7/spring-boot-test-autoconfigure-2.0.0.M7.jar:/Users/macbookretina/.m2/repository/com/jayway/jsonpath/json-path/2.4.0/json-path-2.4.0.jar:/Users/macbookretina/.m2/repository/net/minidev/json-smart/2.3/json-smart-2.3.jar:/Users/macbookretina/.m2/repository/net/minidev/accessors-smart/1.2/accessors-smart-1.2.jar:/Users/macbookretina/.m2/repository/org/ow2/asm/asm/5.0.4/asm-5.0.4.jar:/Users/macbookretina/.m2/repository/junit/junit/4.12/junit-4.12.jar:/Users/macbookretina/.m2/repository/org/assertj/assertj-core/3.8.0/assertj-core-3.8.0.jar:/Users/macbookretina/.m2/repository/org/mockito/mockito-core/2.12.0/mockito-core-2.12.0.jar:/Users/macbookretina/.m2/repository/net/bytebuddy/byte-buddy/1.7.9/byte-buddy-1.7.9.jar:/Users/macbookretina/.m2/repository/net/bytebuddy/byte-buddy-agent/1.7.9/byte-buddy-agent-1.7.9.jar:/Users/macbookretina/.m2/repository/org/objenesis/objenesis/2.6/objenesis-2.6.jar:/Users/macbookretina/.m2/repository/org/hamcrest/hamcrest-core/1.3/hamcrest-core-1.3.jar:/Users/macbookretina/.m2/repository/org/hamcrest/hamcrest-library/1.3/hamcrest-library-1.3.jar:/Users/macbookretina/.m2/repository/org/skyscreamer/jsonassert/1.5.0/jsonassert-1.5.0.jar:/Users/macbookretina/.m2/repository/com/vaadin/external/google/android-json/0.0.20131108.vaadin1/android-json-0.0.20131108.vaadin1.jar:/Users/macbookretina/.m2/repository/org/springframework/spring-core/5.0.2.RELEASE/spring-core-5.0.2.RELEASE.jar:/Users/macbookretina/.m2/repository/org/springframework/spring-jcl/5.0.2.RELEASE/spring-jcl-5.0.2.RELEASE.jar:/Users/macbookretina/.m2/repository/org/springframework/spring-test/5.0.2.RELEASE/spring-test-5.0.2.RELEASE.jar:/Users/macbookretina/.m2/repository/org/xmlunit/xmlunit-core/2.5.1/xmlunit-core-2.5.1.jar:/Users/macbookretina/.m2/repository/org/springframework/spring-context-support/5.0.2.RELEASE/spring-context-support-5.0.2.RELEASE.jar:/Users/macbookretina/.m2/repository/org/springframework/spring-beans/5.0.2.RELEASE/spring-beans-5.0.2.RELEASE.jar:/Users/macbookretina/.m2/repository/net/glxn/qrgen/javase/2.0/javase-2.0.jar:/Users/macbookretina/.m2/repository/com/google/zxing/javase/3.1.0/javase-3.1.0.jar:/Users/macbookretina/.m2/repository/com/google/zxing/core/3.1.0/core-3.1.0.jar:/Users/macbookretina/.m2/repository/net/glxn/qrgen/core/2.0/core-2.0.jar:/Users/macbookretina/.m2/repository/org/jfree/jfreesvg/2.1/jfreesvg-2.1.jar:/Users/macbookretina/.m2/repository/commons-fileupload/commons-fileupload/1.3.1/commons-fileupload-1.3.1.jar:/Users/macbookretina/.m2/repository/commons-io/commons-io/2.2/commons-io-2.2.jar:"/>
    <property name="java.vm.vendor" value="Oracle Corporation"/>
    <property name="sun.arch.data.model" value="64"/>
    <property name="java.vendor.url" value="http://java.oracle.com/"/>
    <property name="user.timezone" value=""/>
    <property name="user.country.format" value="SN"/>
    <property name="java.vm.specification.version" value="1.8"/>
    <property name="os.name" value="Mac OS X"/>
    <property name="user.country" value="FR"/>
    <property name="sun.java.launcher" value="SUN_STANDARD"/>
    <property name="sun.boot.library.path" value="/Library/Java/JavaVirtualMachines/jdk1.8.0_121.jdk/Contents/Home/jre/lib"/>
    <property name="sun.java.command" value="/Users/macbookretina/Documents/workspace-sts-3.9.1.RELEASE/hmTaillorApi/target/surefire/surefirebooter8069805480011667289.jar /Users/macbookretina/Documents/workspace-sts-3.9.1.RELEASE/hmTaillorApi/target/surefire 2018-01-21T23-42-09_782-jvmRun1 surefire789357370104198226tmp surefire_04385188232378321220tmp"/>
    <property name="http.nonProxyHosts" value="local|*.local|169.254/16|*.169.254/16"/>
    <property name="surefire.test.class.path" value="/Users/macbookretina/Documents/workspace-sts-3.9.1.RELEASE/hmTaillorApi/target/test-classes:/Users/macbookretina/Documents/workspace-sts-3.9.1.RELEASE/hmTaillorApi/target/classes:/Users/macbookretina/.m2/repository/org/springframework/boot/spring-boot-starter-data-jpa/2.0.0.M7/spring-boot-starter-data-jpa-2.0.0.M7.jar:/Users/macbookretina/.m2/repository/org/springframework/boot/spring-boot-starter/2.0.0.M7/spring-boot-starter-2.0.0.M7.jar:/Users/macbookretina/.m2/repository/org/springframework/boot/spring-boot-starter-logging/2.0.0.M7/spring-boot-starter-logging-2.0.0.M7.jar:/Users/macbookretina/.m2/repository/ch/qos/logback/logback-classic/1.2.3/logback-classic-1.2.3.jar:/Users/macbookretina/.m2/repository/ch/qos/logback/logback-core/1.2.3/logback-core-1.2.3.jar:/Users/macbookretina/.m2/repository/org/apache/logging/log4j/log4j-to-slf4j/2.10.0/log4j-to-slf4j-2.10.0.jar:/Users/macbookretina/.m2/repository/org/apache/logging/log4j/log4j-api/2.10.0/log4j-api-2.10.0.jar:/Users/macbookretina/.m2/repository/org/slf4j/jul-to-slf4j/1.7.25/jul-to-slf4j-1.7.25.jar:/Users/macbookretina/.m2/repository/javax/annotation/javax.annotation-api/1.3.1/javax.annotation-api-1.3.1.jar:/Users/macbookretina/.m2/repository/org/yaml/snakeyaml/1.19/snakeyaml-1.19.jar:/Users/macbookretina/.m2/repository/org/springframework/boot/spring-boot-starter-aop/2.0.0.M7/spring-boot-starter-aop-2.0.0.M7.jar:/Users/macbookretina/.m2/repository/org/springframework/spring-aop/5.0.2.RELEASE/spring-aop-5.0.2.RELEASE.jar:/Users/macbookretina/.m2/repository/org/aspectj/aspectjweaver/1.8.13/aspectjweaver-1.8.13.jar:/Users/macbookretina/.m2/repository/org/springframework/boot/spring-boot-starter-jdbc/2.0.0.M7/spring-boot-starter-jdbc-2.0.0.M7.jar:/Users/macbookretina/.m2/repository/com/zaxxer/HikariCP/2.7.4/HikariCP-2.7.4.jar:/Users/macbookretina/.m2/repository/org/springframework/spring-jdbc/5.0.2.RELEASE/spring-jdbc-5.0.2.RELEASE.jar:/Users/macbookretina/.m2/repository/org/hibernate/hibernate-core/5.2.12.Final/hibernate-core-5.2.12.Final.jar:/Users/macbookretina/.m2/repository/org/jboss/logging/jboss-logging/3.3.1.Final/jboss-logging-3.3.1.Final.jar:/Users/macbookretina/.m2/repository/org/hibernate/javax/persistence/hibernate-jpa-2.1-api/1.0.0.Final/hibernate-jpa-2.1-api-1.0.0.Final.jar:/Users/macbookretina/.m2/repository/org/javassist/javassist/3.22.0-CR2/javassist-3.22.0-CR2.jar:/Users/macbookretina/.m2/repository/antlr/antlr/2.7.7/antlr-2.7.7.jar:/Users/macbookretina/.m2/repository/org/jboss/jandex/2.0.3.Final/jandex-2.0.3.Final.jar:/Users/macbookretina/.m2/repository/com/fasterxml/classmate/1.3.4/classmate-1.3.4.jar:/Users/macbookretina/.m2/repository/dom4j/dom4j/1.6.1/dom4j-1.6.1.jar:/Users/macbookretina/.m2/repository/org/hibernate/common/hibernate-commons-annotations/5.0.1.Final/hibernate-commons-annotations-5.0.1.Final.jar:/Users/macbookretina/.m2/repository/javax/transaction/javax.transaction-api/1.2/javax.transaction-api-1.2.jar:/Users/macbookretina/.m2/repository/org/springframework/data/spring-data-jpa/2.0.2.RELEASE/spring-data-jpa-2.0.2.RELEASE.jar:/Users/macbookretina/.m2/repository/org/springframework/data/spring-data-commons/2.0.2.RELEASE/spring-data-commons-2.0.2.RELEASE.jar:/Users/macbookretina/.m2/repository/org/springframework/spring-orm/5.0.2.RELEASE/spring-orm-5.0.2.RELEASE.jar:/Users/macbookretina/.m2/repository/org/springframework/spring-tx/5.0.2.RELEASE/spring-tx-5.0.2.RELEASE.jar:/Users/macbookretina/.m2/repository/org/slf4j/slf4j-api/1.7.25/slf4j-api-1.7.25.jar:/Users/macbookretina/.m2/repository/org/springframework/spring-aspects/5.0.2.RELEASE/spring-aspects-5.0.2.RELEASE.jar:/Users/macbookretina/.m2/repository/org/springframework/boot/spring-boot-starter-web/2.0.0.M7/spring-boot-starter-web-2.0.0.M7.jar:/Users/macbookretina/.m2/repository/org/springframework/boot/spring-boot-starter-json/2.0.0.M7/spring-boot-starter-json-2.0.0.M7.jar:/Users/macbookretina/.m2/repository/com/fasterxml/jackson/core/jackson-databind/2.9.2/jackson-databind-2.9.2.jar:/Users/macbookretina/.m2/repository/com/fasterxml/jackson/core/jackson-annotations/2.9.0/jackson-annotations-2.9.0.jar:/Users/macbookretina/.m2/repository/com/fasterxml/jackson/core/jackson-core/2.9.2/jackson-core-2.9.2.jar:/Users/macbookretina/.m2/repository/com/fasterxml/jackson/datatype/jackson-datatype-jdk8/2.9.2/jackson-datatype-jdk8-2.9.2.jar:/Users/macbookretina/.m2/repository/com/fasterxml/jackson/datatype/jackson-datatype-jsr310/2.9.2/jackson-datatype-jsr310-2.9.2.jar:/Users/macbookretina/.m2/repository/com/fasterxml/jackson/module/jackson-module-parameter-names/2.9.2/jackson-module-parameter-names-2.9.2.jar:/Users/macbookretina/.m2/repository/org/springframework/boot/spring-boot-starter-tomcat/2.0.0.M7/spring-boot-starter-tomcat-2.0.0.M7.jar:/Users/macbookretina/.m2/repository/org/apache/tomcat/embed/tomcat-embed-core/8.5.23/tomcat-embed-core-8.5.23.jar:/Users/macbookretina/.m2/repository/org/apache/tomcat/tomcat-annotations-api/8.5.23/tomcat-annotations-api-8.5.23.jar:/Users/macbookretina/.m2/repository/org/apache/tomcat/embed/tomcat-embed-el/8.5.23/tomcat-embed-el-8.5.23.jar:/Users/macbookretina/.m2/repository/org/apache/tomcat/embed/tomcat-embed-websocket/8.5.23/tomcat-embed-websocket-8.5.23.jar:/Users/macbookretina/.m2/repository/org/hibernate/validator/hibernate-validator/6.0.5.Final/hibernate-validator-6.0.5.Final.jar:/Users/macbookretina/.m2/repository/javax/validation/validation-api/2.0.0.Final/validation-api-2.0.0.Final.jar:/Users/macbookretina/.m2/repository/org/springframework/spring-web/5.0.2.RELEASE/spring-web-5.0.2.RELEASE.jar:/Users/macbookretina/.m2/repository/org/springframework/spring-webmvc/5.0.2.RELEASE/spring-webmvc-5.0.2.RELEASE.jar:/Users/macbookretina/.m2/repository/org/springframework/spring-expression/5.0.2.RELEASE/spring-expression-5.0.2.RELEASE.jar:/Users/macbookretina/.m2/repository/org/springframework/boot/spring-boot-devtools/2.0.0.M7/spring-boot-devtools-2.0.0.M7.jar:/Users/macbookretina/.m2/repository/org/springframework/boot/spring-boot/2.0.0.M7/spring-boot-2.0.0.M7.jar:/Users/macbookretina/.m2/repository/org/springframework/boot/spring-boot-autoconfigure/2.0.0.M7/spring-boot-autoconfigure-2.0.0.M7.jar:/Users/macbookretina/.m2/repository/org/springframework/boot/spring-boot-starter-mail/2.0.0.M7/spring-boot-starter-mail-2.0.0.M7.jar:/Users/macbookretina/.m2/repository/org/springframework/spring-context/5.0.2.RELEASE/spring-context-5.0.2.RELEASE.jar:/Users/macbookretina/.m2/repository/com/sun/mail/javax.mail/1.6.0/javax.mail-1.6.0.jar:/Users/macbookretina/.m2/repository/javax/activation/activation/1.1/activation-1.1.jar:/Users/macbookretina/.m2/repository/mysql/mysql-connector-java/5.1.44/mysql-connector-java-5.1.44.jar:/Users/macbookretina/.m2/repository/org/springframework/boot/spring-boot-starter-test/2.0.0.M7/spring-boot-starter-test-2.0.0.M7.jar:/Users/macbookretina/.m2/repository/org/springframework/boot/spring-boot-test/2.0.0.M7/spring-boot-test-2.0.0.M7.jar:/Users/macbookretina/.m2/repository/org/springframework/boot/spring-boot-test-autoconfigure/2.0.0.M7/spring-boot-test-autoconfigure-2.0.0.M7.jar:/Users/macbookretina/.m2/repository/com/jayway/jsonpath/json-path/2.4.0/json-path-2.4.0.jar:/Users/macbookretina/.m2/repository/net/minidev/json-smart/2.3/json-smart-2.3.jar:/Users/macbookretina/.m2/repository/net/minidev/accessors-smart/1.2/accessors-smart-1.2.jar:/Users/macbookretina/.m2/repository/org/ow2/asm/asm/5.0.4/asm-5.0.4.jar:/Users/macbookretina/.m2/repository/junit/junit/4.12/junit-4.12.jar:/Users/macbookretina/.m2/repository/org/assertj/assertj-core/3.8.0/assertj-core-3.8.0.jar:/Users/macbookretina/.m2/repository/org/mockito/mockito-core/2.12.0/mockito-core-2.12.0.jar:/Users/macbookretina/.m2/repository/net/bytebuddy/byte-buddy/1.7.9/byte-buddy-1.7.9.jar:/Users/macbookretina/.m2/repository/net/bytebuddy/byte-buddy-agent/1.7.9/byte-buddy-agent-1.7.9.jar:/Users/macbookretina/.m2/repository/org/objenesis/objenesis/2.6/objenesis-2.6.jar:/Users/macbookretina/.m2/repository/org/hamcrest/hamcrest-core/1.3/hamcrest-core-1.3.jar:/Users/macbookretina/.m2/repository/org/hamcrest/hamcrest-library/1.3/hamcrest-library-1.3.jar:/Users/macbookretina/.m2/repository/org/skyscreamer/jsonassert/1.5.0/jsonassert-1.5.0.jar:/Users/macbookretina/.m2/repository/com/vaadin/external/google/android-json/0.0.20131108.vaadin1/android-json-0.0.20131108.vaadin1.jar:/Users/macbookretina/.m2/repository/org/springframework/spring-core/5.0.2.RELEASE/spring-core-5.0.2.RELEASE.jar:/Users/macbookretina/.m2/repository/org/springframework/spring-jcl/5.0.2.RELEASE/spring-jcl-5.0.2.RELEASE.jar:/Users/macbookretina/.m2/repository/org/springframework/spring-test/5.0.2.RELEASE/spring-test-5.0.2.RELEASE.jar:/Users/macbookretina/.m2/repository/org/xmlunit/xmlunit-core/2.5.1/xmlunit-core-2.5.1.jar:/Users/macbookretina/.m2/repository/org/springframework/spring-context-support/5.0.2.RELEASE/spring-context-support-5.0.2.RELEASE.jar:/Users/macbookretina/.m2/repository/org/springframework/spring-beans/5.0.2.RELEASE/spring-beans-5.0.2.RELEASE.jar:/Users/macbookretina/.m2/repository/net/glxn/qrgen/javase/2.0/javase-2.0.jar:/Users/macbookretina/.m2/repository/com/google/zxing/javase/3.1.0/javase-3.1.0.jar:/Users/macbookretina/.m2/repository/com/google/zxing/core/3.1.0/core-3.1.0.jar:/Users/macbookretina/.m2/repository/net/glxn/qrgen/core/2.0/core-2.0.jar:/Users/macbookretina/.m2/repository/org/jfree/jfreesvg/2.1/jfreesvg-2.1.jar:/Users/macbookretina/.m2/repository/commons-fileupload/commons-fileupload/1.3.1/commons-fileupload-1.3.1.jar:/Users/macbookretina/.m2/repository/commons-io/commons-io/2.2/commons-io-2.2.jar:"/>
    <property name="sun.cpu.endian" value="little"/>
    <property name="user.home" value="/Users/macbookretina"/>
    <property name="user.language" value="fr"/>
    <property name="java.specification.vendor" value="Oracle Corporation"/>
    <property name="java.home" value="/Library/Java/JavaVirtualMachines/jdk1.8.0_121.jdk/Contents/Home/jre"/>
    <property name="basedir" value="/Users/macbookretina/Documents/workspace-sts-3.9.1.RELEASE/hmTaillorApi"/>
    <property name="file.separator" value="/"/>
    <property name="line.separator" value="&#10;"/>
    <property name="java.vm.specification.vendor" value="Oracle Corporation"/>
    <property name="java.specification.name" value="Java Platform API Specification"/>
    <property name="java.awt.graphicsenv" value="sun.awt.CGraphicsEnvironment"/>
    <property name="surefire.real.class.path" value="/Users/macbookretina/Documents/workspace-sts-3.9.1.RELEASE/hmTaillorApi/target/surefire/surefirebooter8069805480011667289.jar"/>
    <property name="sun.boot.class.path" value="/Library/Java/JavaVirtualMachines/jdk1.8.0_121.jdk/Contents/Home/jre/lib/resources.jar:/Library/Java/JavaVirtualMachines/jdk1.8.0_121.jdk/Contents/Home/jre/lib/rt.jar:/Library/Java/JavaVirtualMachines/jdk1.8.0_121.jdk/Contents/Home/jre/lib/sunrsasign.jar:/Library/Java/JavaVirtualMachines/jdk1.8.0_121.jdk/Contents/Home/jre/lib/jsse.jar:/Library/Java/JavaVirtualMachines/jdk1.8.0_121.jdk/Contents/Home/jre/lib/jce.jar:/Library/Java/JavaVirtualMachines/jdk1.8.0_121.jdk/Contents/Home/jre/lib/charsets.jar:/Library/Java/JavaVirtualMachines/jdk1.8.0_121.jdk/Contents/Home/jre/lib/jfr.jar:/Library/Java/JavaVirtualMachines/jdk1.8.0_121.jdk/Contents/Home/jre/classes"/>
    <property name="sun.management.compiler" value="HotSpot 64-Bit Tiered Compilers"/>
    <property name="ftp.nonProxyHosts" value="local|*.local|169.254/16|*.169.254/16"/>
    <property name="java.runtime.version" value="1.8.0_121-b13"/>
    <property name="user.name" value="moddy"/>
    <property name="path.separator" value=":"/>
    <property name="os.version" value="10.12.6"/>
    <property name="java.endorsed.dirs" value="/Library/Java/JavaVirtualMachines/jdk1.8.0_121.jdk/Contents/Home/jre/lib/endorsed"/>
    <property name="java.runtime.name" value="Java(TM) SE Runtime Environment"/>
    <property name="file.encoding" value="UTF-8"/>
    <property name="java.vm.name" value="Java HotSpot(TM) 64-Bit Server VM"/>
    <property name="localRepository" value="/Users/macbookretina/.m2/repository"/>
    <property name="java.vendor.url.bug" value="http://bugreport.sun.com/bugreport/"/>
    <property name="java.io.tmpdir" value="/var/folders/rw/xs274qlj6n58z5pjgzy02m0c0000gn/T/"/>
    <property name="java.version" value="1.8.0_121"/>
    <property name="user.dir" value="/Users/macbookretina/Documents/workspace-sts-3.9.1.RELEASE/hmTaillorApi"/>
    <property name="os.arch" value="x86_64"/>
    <property name="java.vm.specification.name" value="Java Virtual Machine Specification"/>
    <property name="java.awt.printerjob" value="sun.lwawt.macosx.CPrinterJob"/>
    <property name="sun.os.patch.level" value="unknown"/>
    <property name="java.library.path" value="/Users/macbookretina/Library/Java/Extensions:/Library/Java/Extensions:/Network/Library/Java/Extensions:/System/Library/Java/Extensions:/usr/lib/java:."/>
    <property name="java.vm.info" value="mixed mode"/>
    <property name="java.vendor" value="Oracle Corporation"/>
    <property name="java.vm.version" value="25.121-b13"/>
    <property name="java.ext.dirs" value="/Users/macbookretina/Library/Java/Extensions:/Library/Java/JavaVirtualMachines/jdk1.8.0_121.jdk/Contents/Home/jre/lib/ext:/Library/Java/Extensions:/Network/Library/Java/Extensions:/System/Library/Java/Extensions:/usr/lib/java"/>
    <property name="sun.io.unicode.encoding" value="UnicodeBig"/>
    <property name="java.class.version" value="52.0"/>
    <property name="socksNonProxyHosts" value="local|*.local|169.254/16|*.169.254/16"/>
  </properties>
  <testcase name="contextLoads" classname="com.boly.GestionCodification2ApplicationTests" time="0.108"/>
</testsuite>